TN:
SF:/Users/zhenhappy/Workspaces/vue-cascader-select/src/VueCascaderSelect.vue
FN:69,validator
FN:76,data
FN:83,handleSelect
FN:86,handleOpen
FN:91,handleClose
FN:97,value
FNF:6
FNH:6
FNDA:13,validator
FNDA:13,data
FNDA:1,handleSelect
FNDA:5,handleOpen
FNDA:1,handleClose
FNDA:3,value
DA:47,1
DA:48,1
DA:49,1
DA:50,1
DA:69,13
DA:77,13
DA:84,1
DA:86,5
DA:87,5
DA:88,5
DA:89,5
DA:92,1
DA:93,1
DA:98,3
LF:14
LH:14
BRDA:86,0,0,10
BRDA:86,0,1,5
BRF:2
BRH:2
end_of_record
TN:
SF:/Users/zhenhappy/Workspaces/vue-cascader-select/src/components/Arrow.vue
FN:16,validator
FNF:1
FNH:1
FNDA:84,validator
DA:16,84
LF:1
LH:1
BRF:0
BRH:0
end_of_record
TN:
SF:/Users/zhenhappy/Workspaces/vue-cascader-select/src/components/Option.vue
FN:40,validator
FN:58,handleSelection
FN:73,isLeaf
FNF:3
FNH:3
FNDA:69,validator
FNDA:4,handleSelection
FNDA:71,isLeaf
DA:25,3
DA:26,3
DA:40,69
DA:58,24
DA:67,4
DA:68,2
DA:73,71
DA:75,71
LF:8
LH:8
BRDA:67,0,0,2
BRDA:67,0,1,2
BRDA:67,1,0,4
BRDA:67,1,1,3
BRDA:75,2,0,71
BRDA:75,2,1,36
BRF:6
BRH:6
end_of_record
TN:
SF:/Users/zhenhappy/Workspaces/vue-cascader-select/src/components/SelectMenu.vue
FN:56,_default
FN:57,validator
FN:64,data
FN:78,mounted
FN:84,handleOpenNextMenu
FN:105,handleCloseMenu
FN:110,resetNextMenu
FN:117,(anonymous_9)
FN:123,moveOption
FN:135,options
FNF:10
FNH:10
FNDA:3,_default
FNDA:28,validator
FNDA:26,data
FNDA:26,mounted
FNDA:10,handleOpenNextMenu
FNDA:2,handleCloseMenu
FNDA:6,resetNextMenu
FNDA:6,(anonymous_9)
FNDA:7,moveOption
FNDA:2,options
DA:39,2
DA:40,2
DA:56,3
DA:57,28
DA:64,78
DA:67,26
DA:79,26
DA:80,12
DA:84,10
DA:85,10
DA:86,10
DA:88,10
DA:89,9
DA:97,10
DA:98,2
DA:101,10
DA:102,1
DA:106,2
DA:107,1
DA:110,6
DA:111,6
DA:117,6
DA:118,6
DA:119,4
DA:123,21
DA:126,7
DA:127,7
DA:128,7
DA:130,7
DA:131,7
DA:136,2
DA:138,2
DA:139,1
LF:33
LH:33
BRDA:74,0,0,12
BRDA:74,0,1,14
BRDA:79,1,0,12
BRDA:79,1,1,14
BRDA:84,2,0,20
BRDA:84,2,1,10
BRDA:88,3,0,9
BRDA:88,3,1,1
BRDA:88,4,0,10
BRDA:88,4,1,9
BRDA:97,5,0,2
BRDA:97,5,1,8
BRDA:97,6,0,10
BRDA:97,6,1,9
BRDA:101,7,0,1
BRDA:101,7,1,9
BRDA:106,8,0,1
BRDA:106,8,1,1
BRDA:106,9,0,2
BRDA:106,9,1,2
BRDA:118,10,0,4
BRDA:118,10,1,2
BRDA:118,11,0,6
BRDA:118,11,1,6
BRDA:123,12,0,14
BRDA:123,12,1,7
BRDA:126,13,0,5
BRDA:126,13,1,2
BRDA:127,14,0,6
BRDA:127,14,1,1
BRDA:138,15,0,1
BRDA:138,15,1,1
BRF:32
BRH:32
end_of_record
TN:
SF:/Users/zhenhappy/Workspaces/vue-cascader-select/src/utils/validators.js
FN:6,(anonymous_0)
FN:7,(anonymous_1)
FNF:2
FNH:2
FNDA:117,(anonymous_0)
FNDA:174,(anonymous_1)
DA:6,4
DA:7,117
DA:8,174
LF:3
LH:3
BRDA:8,0,0,174
BRDA:8,0,1,173
BRDA:8,0,2,172
BRDA:8,0,3,4
BRDA:8,0,4,2
BRDA:8,0,5,1
BRF:6
BRH:6
end_of_record
